[debug] [2022-11-04T22:53:41.790Z] ----------------------------------------------------------------------
[debug] [2022-11-04T22:53:41.791Z] Command:       C:\Program Files\nodejs\node.exe C:\Users\ahmad\AppData\Roaming\npm\node_modules\firebase-tools\lib\bin\firebase.js init
[debug] [2022-11-04T22:53:41.791Z] CLI Version:   11.16.0
[debug] [2022-11-04T22:53:41.792Z] Platform:      win32
[debug] [2022-11-04T22:53:41.792Z] Node Version:  v18.9.1
[debug] [2022-11-04T22:53:41.792Z] Time:          Sat Nov 05 2022 00:53:41 GMT+0200 (Eastern European Standard Time)
[debug] [2022-11-04T22:53:41.793Z] ----------------------------------------------------------------------
[debug] 
[debug] [2022-11-04T22:53:41.795Z] >>> [apiv2][query] GET https://firebase-public.firebaseio.com/cli.json [none]
[debug] [2022-11-04T22:53:41.830Z] > command requires scopes: ["email","openid","https://www.googleapis.com/auth/cloudplatformprojects.readonly","https://www.googleapis.com/auth/firebase","https://www.googleapis.com/auth/cloud-platform"]
[debug] [2022-11-04T22:53:41.831Z] > authorizing via signed-in user (ahmadadel92@gmail.com)
[info] 
     ######## #### ########  ######## ########     ###     ######  ########
     ##        ##  ##     ## ##       ##     ##  ##   ##  ##       ##
     ######    ##  ########  ######   ########  #########  ######  ######
     ##        ##  ##    ##  ##       ##     ## ##     ##       ## ##
     ##       #### ##     ## ######## ########  ##     ##  ######  ########

You're about to initialize a Firebase project in this directory:

  E:\Dev\React\fireship\nextfire-blog

[debug] [2022-11-04T22:53:42.519Z] <<< [apiv2][status] GET https://firebase-public.firebaseio.com/cli.json 200
[debug] [2022-11-04T22:53:42.520Z] <<< [apiv2][body] GET https://firebase-public.firebaseio.com/cli.json {"cloudBuildErrorAfter":1594252800000,"cloudBuildWarnAfter":1590019200000,"defaultNode10After":1594252800000,"minVersion":"3.0.5","node8DeploysDisabledAfter":1613390400000,"node8RuntimeDisabledAfter":1615809600000,"node8WarnAfter":1600128000000}
